# JRE version: Java(TM) SE Runtime Environment (8.0_45-b14) (build 1.8.0_45-b14)
# Java VM: Java HotSpot(TM) 64-Bit Server VM (25.45-b02 mixed mode linux-amd64 compressed oops)
Heap:
 PSYoungGen      total 33280K, used 20570K [0x00000000ebd80000, 0x00000000f0580000, 0x0000000100000000)
  eden space 30720K, 59% used [0x00000000ebd80000,0x00000000ecf34620,0x00000000edb80000)
  from space 2560K, 95% used [0x00000000f0300000,0x00000000f05622f8,0x00000000f0580000)
  to   space 7168K, 0% used [0x00000000ef780000,0x00000000ef780000,0x00000000efe80000)
 ParOldGen       total 42496K, used 7341K [0x00000000c3800000, 0x00000000c6180000, 0x00000000ebd80000)
  object space 42496K, 17% used [0x00000000c3800000,0x00000000c3f2b6e8,0x00000000c6180000)
 Metaspace       used 14159K, capacity 14301K, committed 14592K, reserved 1062912K
  class space    used 1381K, capacity 1445K, committed 1536K, reserved 1048576K
GC Heap History (10 events):
Event: 2.058 GC heap before
{Heap before GC invocations=2 (full 0):
 PSYoungGen      total 18432K, used 16403K [0x00000000ebd80000, 0x00000000ed200000, 0x0000000100000000)
  eden space 15872K, 87% used [0x00000000ebd80000,0x00000000ecb0c408,0x00000000ecd00000)
  from space 2560K, 98% used [0x00000000ecd00000,0x00000000ecf78bb8,0x00000000ecf80000)
  to   space 2560K, 0% used [0x00000000ecf80000,0x00000000ecf80000,0x00000000ed200000)
 ParOldGen       total 42496K, used 1174K [0x00000000c3800000, 0x00000000c6180000, 0x00000000ebd80000)
  object space 42496K, 2% used [0x00000000c3800000,0x00000000c39258e0,0x00000000c6180000)
 Metaspace       used 10604K, capacity 10775K, committed 10880K, reserved 1058816K
  class space    used 1033K, capacity 1124K, committed 1152K, reserved 1048576K
Event: 2.064 GC heap after
Heap after GC invocations=2 (full 0):
 PSYoungGen      total 18432K, used 2534K [0x00000000ebd80000, 0x00000000ed200000, 0x0000000100000000)
  eden space 15872K, 0% used [0x00000000ebd80000,0x00000000ebd80000,0x00000000ecd00000)
  from space 2560K, 98% used [0x00000000ecf80000,0x00000000ed1f9898,0x00000000ed200000)
  to   space 2560K, 0% used [0x00000000ecd00000,0x00000000ecd00000,0x00000000ecf80000)
 ParOldGen       total 42496K, used 5528K [0x00000000c3800000, 0x00000000c6180000, 0x00000000ebd80000)
  object space 42496K, 13% used [0x00000000c3800000,0x00000000c3d66050,0x00000000c6180000)
 Metaspace       used 10604K, capacity 10775K, committed 10880K, reserved 1058816K
  class space    used 1033K, capacity 1124K, committed 1152K, reserved 1048576K
}
Event: 2.270 GC heap before
{Heap before GC invocations=3 (full 0):
 PSYoungGen      total 18432K, used 18264K [0x00000000ebd80000, 0x00000000ed200000, 0x0000000100000000)
  eden space 15872K, 99% used [0x00000000ebd80000,0x00000000eccdc9e0,0x00000000ecd00000)
  from space 2560K, 98% used [0x00000000ecf80000,0x00000000ed1f9898,0x00000000ed200000)
  to   space 2560K, 0% used [0x00000000ecd00000,0x00000000ecd00000,0x00000000ecf80000)
 ParOldGen       total 42496K, used 5528K [0x00000000c3800000, 0x00000000c6180000, 0x00000000ebd80000)
  object space 42496K, 13% used [0x00000000c3800000,0x00000000c3d66050,0x00000000c6180000)
 Metaspace       used 10630K, capacity 10839K, committed 10880K, reserved 1058816K
  class space    used 1040K, capacity 1124K, committed 1152K, reserved 1048576K
Event: 2.276 GC heap after
Heap after GC invocations=3 (full 0):
 PSYoungGen      total 18432K, used 2556K [0x00000000ebd80000, 0x00000000ee180000, 0x0000000100000000)
  eden space 15872K, 0% used [0x00000000ebd80000,0x00000000ebd80000,0x00000000ecd00000)
  from space 2560K, 99% used [0x00000000ecd00000,0x00000000ecf7f150,0x00000000ecf80000)
  to   space 2560K, 0% used [0x00000000edf00000,0x00000000edf00000,0x00000000ee180000)
 ParOldGen       total 42496K, used 5552K [0x00000000c3800000, 0x00000000c6180000, 0x00000000ebd80000)
  object space 42496K, 13% used [0x00000000c3800000,0x00000000c3d6c050,0x00000000c6180000)
 Metaspace       used 10630K, capacity 10839K, committed 10880K, reserved 1058816K
  class space    used 1040K, capacity 1124K, committed 1152K, reserved 1048576K
}
Event: 2.513 GC heap before
{Heap before GC invocations=4 (full 0):
 PSYoungGen      total 18432K, used 17695K [0x00000000ebd80000, 0x00000000ee180000, 0x0000000100000000)
  eden space 15872K, 95% used [0x00000000ebd80000,0x00000000ecc48c58,0x00000000ecd00000)
  from space 2560K, 99% used [0x00000000ecd00000,0x00000000ecf7f150,0x00000000ecf80000)
  to   space 2560K, 0% used [0x00000000edf00000,0x00000000edf00000,0x00000000ee180000)
 ParOldGen       total 42496K, used 5552K [0x00000000c3800000, 0x00000000c6180000, 0x00000000ebd80000)
  object space 42496K, 13% used [0x00000000c3800000,0x00000000c3d6c050,0x00000000c6180000)
 Metaspace       used 10637K, capacity 10839K, committed 10880K, reserved 1058816K
  class space    used 1042K, capacity 1124K, committed 1152K, reserved 1048576K
Event: 2.518 GC heap after
Heap after GC invocations=4 (full 0):
 PSYoungGen      total 34304K, used 2528K [0x00000000ebd80000, 0x00000000ee180000, 0x0000000100000000)
  eden space 31744K, 0% used [0x00000000ebd80000,0x00000000ebd80000,0x00000000edc80000)
  from space 2560K, 98% used [0x00000000edf00000,0x00000000ee178010,0x00000000ee180000)
  to   space 2560K, 0% used [0x00000000edc80000,0x00000000edc80000,0x00000000edf00000)
 ParOldGen       total 42496K, used 7341K [0x00000000c3800000, 0x00000000c6180000, 0x00000000ebd80000)
  object space 42496K, 17% used [0x00000000c3800000,0x00000000c3f2b6e8,0x00000000c6180000)
 Metaspace       used 10637K, capacity 10839K, committed 10880K, reserved 1058816K
  class space    used 1042K, capacity 1124K, committed 1152K, reserved 1048576K
}
Event: 2.994 GC heap before
{Heap before GC invocations=5 (full 0):
 PSYoungGen      total 34304K, used 34216K [0x00000000ebd80000, 0x00000000ee180000, 0x0000000100000000)
  eden space 31744K, 99% used [0x00000000ebd80000,0x00000000edc721f0,0x00000000edc80000)
  from space 2560K, 98% used [0x00000000edf00000,0x00000000ee178010,0x00000000ee180000)
  to   space 2560K, 0% used [0x00000000edc80000,0x00000000edc80000,0x00000000edf00000)
 ParOldGen       total 42496K, used 7341K [0x00000000c3800000, 0x00000000c6180000, 0x00000000ebd80000)
  object space 42496K, 17% used [0x00000000c3800000,0x00000000c3f2b6e8,0x00000000c6180000)
 Metaspace       used 10662K, capacity 10839K, committed 10880K, reserved 1058816K
  class space    used 1049K, capacity 1124K, committed 1152K, reserved 1048576K
Event: 2.997 GC heap after
Heap after GC invocations=5 (full 0):
 PSYoungGen      total 34304K, used 1312K [0x00000000ebd80000, 0x00000000f0a80000, 0x0000000100000000)
  eden space 31744K, 0% used [0x00000000ebd80000,0x00000000ebd80000,0x00000000edc80000)
  from space 2560K, 51% used [0x00000000edc80000,0x00000000eddc8020,0x00000000edf00000)
  to   space 7680K, 0% used [0x00000000f0300000,0x00000000f0300000,0x00000000f0a80000)
 ParOldGen       total 42496K, used 7341K [0x00000000c3800000, 0x00000000c6180000, 0x00000000ebd80000)
  object space 42496K, 17% used [0x00000000c3800000,0x00000000c3f2b6e8,0x00000000c6180000)
 Metaspace       used 10662K, capacity 10839K, committed 10880K, reserved 1058816K
  class space    used 1049K, capacity 1124K, committed 1152K, reserved 1048576K
}
Event: 9.370 GC heap before
{Heap before GC invocations=6 (full 0):
 PSYoungGen      total 34304K, used 32988K [0x00000000ebd80000, 0x00000000f0a80000, 0x0000000100000000)
  eden space 31744K, 99% used [0x00000000ebd80000,0x00000000edc6f260,0x00000000edc80000)
  from space 2560K, 51% used [0x00000000edc80000,0x00000000eddc8020,0x00000000edf00000)
  to   space 7680K, 0% used [0x00000000f0300000,0x00000000f0300000,0x00000000f0a80000)
 ParOldGen       total 42496K, used 7341K [0x00000000c3800000, 0x00000000c6180000, 0x00000000ebd80000)
  object space 42496K, 17% used [0x00000000c3800000,0x00000000c3f2b6e8,0x00000000c6180000)
 Metaspace       used 11722K, capacity 11901K, committed 12032K, reserved 1060864K
  class space    used 1154K, capacity 1221K, committed 1280K, reserved 1048576K
Event: 9.380 GC heap after
Heap after GC invocations=6 (full 0):
 PSYoungGen      total 33280K, used 2440K [0x00000000ebd80000, 0x00000000f0580000, 0x0000000100000000)
  eden space 30720K, 0% used [0x00000000ebd80000,0x00000000ebd80000,0x00000000edb80000)
  from space 2560K, 95% used [0x00000000f0300000,0x00000000f05622f8,0x00000000f0580000)
  to   space 7168K, 0% used [0x00000000ef780000,0x00000000ef780000,0x00000000efe80000)
 ParOldGen       total 42496K, used 7341K [0x00000000c3800000, 0x00000000c6180000, 0x00000000ebd80000)
  object space 42496K, 17% used [0x00000000c3800000,0x00000000c3f2b6e8,0x00000000c6180000)
 Metaspace       used 11722K, capacity 11901K, committed 12032K, reserved 1060864K
  class space    used 1154K, capacity 1221K, committed 1280K, reserved 1048576K
}

