# JRE version: Java(TM) SE Runtime Environment (8.0_45-b14) (build 1.8.0_45-b14)
# Java VM: Java HotSpot(TM) 64-Bit Server VM (25.45-b02 mixed mode linux-amd64 compressed oops)
Heap:
 PSYoungGen      total 70656K, used 11920K [0x00000000ebd80000, 0x00000000f0980000, 0x0000000100000000)
  eden space 63488K, 12% used [0x00000000ebd80000,0x00000000ec567a78,0x00000000efb80000)
  from space 7168K, 53% used [0x00000000f0280000,0x00000000f063c698,0x00000000f0980000)
  to   space 7168K, 0% used [0x00000000efb80000,0x00000000efb80000,0x00000000f0280000)
 ParOldGen       total 42496K, used 12045K [0x00000000c3800000, 0x00000000c6180000, 0x00000000ebd80000)
  object space 42496K, 28% used [0x00000000c3800000,0x00000000c43c3438,0x00000000c6180000)
 Metaspace       used 17805K, capacity 18177K, committed 18304K, reserved 1064960K
  class space    used 1770K, capacity 1874K, committed 1920K, reserved 1048576K
GC Heap History (10 events):
Event: 11.132 GC heap before
{Heap before GC invocations=4 (full 0):
 PSYoungGen      total 18432K, used 17730K [0x00000000ebd80000, 0x00000000ed200000, 0x0000000100000000)
  eden space 15872K, 95% used [0x00000000ebd80000,0x00000000ecc59910,0x00000000ecd00000)
  from space 2560K, 98% used [0x00000000ecd00000,0x00000000ecf77150,0x00000000ecf80000)
  to   space 2560K, 0% used [0x00000000ecf80000,0x00000000ecf80000,0x00000000ed200000)
 ParOldGen       total 42496K, used 5642K [0x00000000c3800000, 0x00000000c6180000, 0x00000000ebd80000)
  object space 42496K, 13% used [0x00000000c3800000,0x00000000c3d82bf0,0x00000000c6180000)
 Metaspace       used 10666K, capacity 10903K, committed 11136K, reserved 1058816K
  class space    used 1042K, capacity 1124K, committed 1152K, reserved 1048576K
Event: 11.137 GC heap after
Heap after GC invocations=4 (full 0):
 PSYoungGen      total 18432K, used 2528K [0x00000000ebd80000, 0x00000000ee180000, 0x0000000100000000)
  eden space 15872K, 0% used [0x00000000ebd80000,0x00000000ebd80000,0x00000000ecd00000)
  from space 2560K, 98% used [0x00000000ecf80000,0x00000000ed1f8020,0x00000000ed200000)
  to   space 2560K, 0% used [0x00000000ecd00000,0x00000000ecd00000,0x00000000ecf80000)
 ParOldGen       total 42496K, used 7419K [0x00000000c3800000, 0x00000000c6180000, 0x00000000ebd80000)
  object space 42496K, 17% used [0x00000000c3800000,0x00000000c3f3ee90,0x00000000c6180000)
 Metaspace       used 10666K, capacity 10903K, committed 11136K, reserved 1058816K
  class space    used 1042K, capacity 1124K, committed 1152K, reserved 1048576K
}
Event: 11.382 GC heap before
{Heap before GC invocations=5 (full 0):
 PSYoungGen      total 18432K, used 18184K [0x00000000ebd80000, 0x00000000ee180000, 0x0000000100000000)
  eden space 15872K, 98% used [0x00000000ebd80000,0x00000000eccca118,0x00000000ecd00000)
  from space 2560K, 98% used [0x00000000ecf80000,0x00000000ed1f8020,0x00000000ed200000)
  to   space 2560K, 0% used [0x00000000ecd00000,0x00000000ecd00000,0x00000000ecf80000)
 ParOldGen       total 42496K, used 7419K [0x00000000c3800000, 0x00000000c6180000, 0x00000000ebd80000)
  object space 42496K, 17% used [0x00000000c3800000,0x00000000c3f3ee90,0x00000000c6180000)
 Metaspace       used 10676K, capacity 10903K, committed 11136K, reserved 1058816K
  class space    used 1044K, capacity 1124K, committed 1152K, reserved 1048576K
Event: 11.395 GC heap after
Heap after GC invocations=5 (full 0):
 PSYoungGen      total 18432K, used 800K [0x00000000ebd80000, 0x00000000eeb80000, 0x0000000100000000)
  eden space 15872K, 0% used [0x00000000ebd80000,0x00000000ebd80000,0x00000000ecd00000)
  from space 2560K, 31% used [0x00000000ecd00000,0x00000000ecdc8020,0x00000000ecf80000)
  to   space 7680K, 0% used [0x00000000ee400000,0x00000000ee400000,0x00000000eeb80000)
 ParOldGen       total 42496K, used 11515K [0x00000000c3800000, 0x00000000c6180000, 0x00000000ebd80000)
  object space 42496K, 27% used [0x00000000c3800000,0x00000000c433eea0,0x00000000c6180000)
 Metaspace       used 10676K, capacity 10903K, committed 11136K, reserved 1058816K
  class space    used 1044K, capacity 1124K, committed 1152K, reserved 1048576K
}
Event: 11.599 GC heap before
{Heap before GC invocations=6 (full 0):
 PSYoungGen      total 18432K, used 16171K [0x00000000ebd80000, 0x00000000eeb80000, 0x0000000100000000)
  eden space 15872K, 96% used [0x00000000ebd80000,0x00000000ecc82cb8,0x00000000ecd00000)
  from space 2560K, 31% used [0x00000000ecd00000,0x00000000ecdc8020,0x00000000ecf80000)
  to   space 7680K, 0% used [0x00000000ee400000,0x00000000ee400000,0x00000000eeb80000)
 ParOldGen       total 42496K, used 11515K [0x00000000c3800000, 0x00000000c6180000, 0x00000000ebd80000)
  object space 42496K, 27% used [0x00000000c3800000,0x00000000c433eea0,0x00000000c6180000)
 Metaspace       used 10690K, capacity 10903K, committed 11136K, reserved 1058816K
  class space    used 1049K, capacity 1124K, committed 1152K, reserved 1048576K
Event: 11.605 GC heap after
Heap after GC invocations=6 (full 0):
 PSYoungGen      total 39424K, used 1152K [0x00000000ebd80000, 0x00000000eeb80000, 0x0000000100000000)
  eden space 31744K, 0% used [0x00000000ebd80000,0x00000000ebd80000,0x00000000edc80000)
  from space 7680K, 15% used [0x00000000ee400000,0x00000000ee520030,0x00000000eeb80000)
  to   space 7680K, 0% used [0x00000000edc80000,0x00000000edc80000,0x00000000ee400000)
 ParOldGen       total 42496K, used 11523K [0x00000000c3800000, 0x00000000c6180000, 0x00000000ebd80000)
  object space 42496K, 27% used [0x00000000c3800000,0x00000000c4340ea0,0x00000000c6180000)
 Metaspace       used 10690K, capacity 10903K, committed 11136K, reserved 1058816K
  class space    used 1049K, capacity 1124K, committed 1152K, reserved 1048576K
}
Event: 15.663 GC heap before
{Heap before GC invocations=7 (full 0):
 PSYoungGen      total 39424K, used 32896K [0x00000000ebd80000, 0x00000000eeb80000, 0x0000000100000000)
  eden space 31744K, 100% used [0x00000000ebd80000,0x00000000edc80000,0x00000000edc80000)
  from space 7680K, 15% used [0x00000000ee400000,0x00000000ee520030,0x00000000eeb80000)
  to   space 7680K, 0% used [0x00000000edc80000,0x00000000edc80000,0x00000000ee400000)
 ParOldGen       total 42496K, used 11523K [0x00000000c3800000, 0x00000000c6180000, 0x00000000ebd80000)
  object space 42496K, 27% used [0x00000000c3800000,0x00000000c4340ea0,0x00000000c6180000)
 Metaspace       used 13018K, capacity 13207K, committed 13440K, reserved 1060864K
  class space    used 1248K, capacity 1316K, committed 1408K, reserved 1048576K
Event: 15.670 GC heap after
Heap after GC invocations=7 (full 0):
 PSYoungGen      total 39424K, used 3185K [0x00000000ebd80000, 0x00000000f0980000, 0x0000000100000000)
  eden space 31744K, 0% used [0x00000000ebd80000,0x00000000ebd80000,0x00000000edc80000)
  from space 7680K, 41% used [0x00000000edc80000,0x00000000edf9c698,0x00000000ee400000)
  to   space 7168K, 0% used [0x00000000f0280000,0x00000000f0280000,0x00000000f0980000)
 ParOldGen       total 42496K, used 11997K [0x00000000c3800000, 0x00000000c6180000, 0x00000000ebd80000)
  object space 42496K, 28% used [0x00000000c3800000,0x00000000c43b7438,0x00000000c6180000)
 Metaspace       used 13018K, capacity 13207K, committed 13440K, reserved 1060864K
  class space    used 1248K, capacity 1316K, committed 1408K, reserved 1048576K
}
Event: 78.166 GC heap before
{Heap before GC invocations=8 (full 0):
 PSYoungGen      total 39424K, used 34929K [0x00000000ebd80000, 0x00000000f0980000, 0x0000000100000000)
  eden space 31744K, 100% used [0x00000000ebd80000,0x00000000edc80000,0x00000000edc80000)
  from space 7680K, 41% used [0x00000000edc80000,0x00000000edf9c698,0x00000000ee400000)
  to   space 7168K, 0% used [0x00000000f0280000,0x00000000f0280000,0x00000000f0980000)
 ParOldGen       total 42496K, used 11997K [0x00000000c3800000, 0x00000000c6180000, 0x00000000ebd80000)
  object space 42496K, 28% used [0x00000000c3800000,0x00000000c43b7438,0x00000000c6180000)
 Metaspace       used 17751K, capacity 18113K, committed 18304K, reserved 1064960K
  class space    used 1768K, capacity 1874K, committed 1920K, reserved 1048576K
Event: 78.176 GC heap after
Heap after GC invocations=8 (full 0):
 PSYoungGen      total 70656K, used 3825K [0x00000000ebd80000, 0x00000000f0980000, 0x0000000100000000)
  eden space 63488K, 0% used [0x00000000ebd80000,0x00000000ebd80000,0x00000000efb80000)
  from space 7168K, 53% used [0x00000000f0280000,0x00000000f063c698,0x00000000f0980000)
  to   space 7168K, 0% used [0x00000000efb80000,0x00000000efb80000,0x00000000f0280000)
 ParOldGen       total 42496K, used 12045K [0x00000000c3800000, 0x00000000c6180000, 0x00000000ebd80000)
  object space 42496K, 28% used [0x00000000c3800000,0x00000000c43c3438,0x00000000c6180000)
 Metaspace       used 17751K, capacity 18113K, committed 18304K, reserved 1064960K
  class space    used 1768K, capacity 1874K, committed 1920K, reserved 1048576K
}

