# JRE version: Java(TM) SE Runtime Environment (8.0_45-b14) (build 1.8.0_45-b14)
# Java VM: Java HotSpot(TM) 64-Bit Server VM (25.45-b02 mixed mode linux-amd64 compressed oops)
Heap:
 PSYoungGen      total 39424K, used 10711K [0x00000000ebd80000, 0x00000000f0980000, 0x0000000100000000)
  eden space 31744K, 23% used [0x00000000ebd80000,0x00000000ec4e98f8,0x00000000edc80000)
  from space 7680K, 40% used [0x00000000edc80000,0x00000000edf8c698,0x00000000ee400000)
  to   space 7168K, 0% used [0x00000000f0280000,0x00000000f0280000,0x00000000f0980000)
 ParOldGen       total 42496K, used 11844K [0x00000000c3800000, 0x00000000c6180000, 0x00000000ebd80000)
  object space 42496K, 27% used [0x00000000c3800000,0x00000000c4391388,0x00000000c6180000)
 Metaspace       used 14137K, capacity 14333K, committed 14592K, reserved 1062912K
  class space    used 1355K, capacity 1413K, committed 1536K, reserved 1048576K
GC Heap History (10 events):
Event: 6.348 GC heap before
{Heap before GC invocations=3 (full 0):
 PSYoungGen      total 18432K, used 18263K [0x00000000ebd80000, 0x00000000ed200000, 0x0000000100000000)
  eden space 15872K, 99% used [0x00000000ebd80000,0x00000000eccdc518,0x00000000ecd00000)
  from space 2560K, 98% used [0x00000000ecf80000,0x00000000ed1f9898,0x00000000ed200000)
  to   space 2560K, 0% used [0x00000000ecd00000,0x00000000ecd00000,0x00000000ecf80000)
 ParOldGen       total 42496K, used 5512K [0x00000000c3800000, 0x00000000c6180000, 0x00000000ebd80000)
  object space 42496K, 12% used [0x00000000c3800000,0x00000000c3d62050,0x00000000c6180000)
 Metaspace       used 10653K, capacity 10903K, committed 11136K, reserved 1058816K
  class space    used 1040K, capacity 1124K, committed 1152K, reserved 1048576K
Event: 6.351 GC heap after
Heap after GC invocations=3 (full 0):
 PSYoungGen      total 18432K, used 2556K [0x00000000ebd80000, 0x00000000ed200000, 0x0000000100000000)
  eden space 15872K, 0% used [0x00000000ebd80000,0x00000000ebd80000,0x00000000ecd00000)
  from space 2560K, 99% used [0x00000000ecd00000,0x00000000ecf7f170,0x00000000ecf80000)
  to   space 2560K, 0% used [0x00000000ecf80000,0x00000000ecf80000,0x00000000ed200000)
 ParOldGen       total 42496K, used 5520K [0x00000000c3800000, 0x00000000c6180000, 0x00000000ebd80000)
  object space 42496K, 12% used [0x00000000c3800000,0x00000000c3d64050,0x00000000c6180000)
 Metaspace       used 10653K, capacity 10903K, committed 11136K, reserved 1058816K
  class space    used 1040K, capacity 1124K, committed 1152K, reserved 1048576K
}
Event: 6.591 GC heap before
{Heap before GC invocations=4 (full 0):
 PSYoungGen      total 18432K, used 17760K [0x00000000ebd80000, 0x00000000ed200000, 0x0000000100000000)
  eden space 15872K, 95% used [0x00000000ebd80000,0x00000000ecc58fe0,0x00000000ecd00000)
  from space 2560K, 99% used [0x00000000ecd00000,0x00000000ecf7f170,0x00000000ecf80000)
  to   space 2560K, 0% used [0x00000000ecf80000,0x00000000ecf80000,0x00000000ed200000)
 ParOldGen       total 42496K, used 5520K [0x00000000c3800000, 0x00000000c6180000, 0x00000000ebd80000)
  object space 42496K, 12% used [0x00000000c3800000,0x00000000c3d64050,0x00000000c6180000)
 Metaspace       used 10668K, capacity 10903K, committed 11136K, reserved 1058816K
  class space    used 1042K, capacity 1124K, committed 1152K, reserved 1048576K
Event: 6.595 GC heap after
Heap after GC invocations=4 (full 0):
 PSYoungGen      total 18432K, used 2556K [0x00000000ebd80000, 0x00000000ee180000, 0x0000000100000000)
  eden space 15872K, 0% used [0x00000000ebd80000,0x00000000ebd80000,0x00000000ecd00000)
  from space 2560K, 99% used [0x00000000ecf80000,0x00000000ed1ff130,0x00000000ed200000)
  to   space 2560K, 0% used [0x00000000ecd00000,0x00000000ecd00000,0x00000000ecf80000)
 ParOldGen       total 42496K, used 7276K [0x00000000c3800000, 0x00000000c6180000, 0x00000000ebd80000)
  object space 42496K, 17% used [0x00000000c3800000,0x00000000c3f1b288,0x00000000c6180000)
 Metaspace       used 10668K, capacity 10903K, committed 11136K, reserved 1058816K
  class space    used 1042K, capacity 1124K, committed 1152K, reserved 1048576K
}
Event: 6.754 GC heap before
{Heap before GC invocations=5 (full 0):
 PSYoungGen      total 18432K, used 18212K [0x00000000ebd80000, 0x00000000ee180000, 0x0000000100000000)
  eden space 15872K, 98% used [0x00000000ebd80000,0x00000000eccc9ee8,0x00000000ecd00000)
  from space 2560K, 99% used [0x00000000ecf80000,0x00000000ed1ff130,0x00000000ed200000)
  to   space 2560K, 0% used [0x00000000ecd00000,0x00000000ecd00000,0x00000000ecf80000)
 ParOldGen       total 42496K, used 7276K [0x00000000c3800000, 0x00000000c6180000, 0x00000000ebd80000)
  object space 42496K, 17% used [0x00000000c3800000,0x00000000c3f1b288,0x00000000c6180000)
 Metaspace       used 10678K, capacity 10903K, committed 11136K, reserved 1058816K
  class space    used 1044K, capacity 1124K, committed 1152K, reserved 1048576K
Event: 6.763 GC heap after
Heap after GC invocations=5 (full 0):
 PSYoungGen      total 18432K, used 828K [0x00000000ebd80000, 0x00000000eeb80000, 0x0000000100000000)
  eden space 15872K, 0% used [0x00000000ebd80000,0x00000000ebd80000,0x00000000ecd00000)
  from space 2560K, 32% used [0x00000000ecd00000,0x00000000ecdcf130,0x00000000ecf80000)
  to   space 7680K, 0% used [0x00000000ee400000,0x00000000ee400000,0x00000000eeb80000)
 ParOldGen       total 42496K, used 11372K [0x00000000c3800000, 0x00000000c6180000, 0x00000000ebd80000)
  object space 42496K, 26% used [0x00000000c3800000,0x00000000c431b298,0x00000000c6180000)
 Metaspace       used 10678K, capacity 10903K, committed 11136K, reserved 1058816K
  class space    used 1044K, capacity 1124K, committed 1152K, reserved 1048576K
}
Event: 6.903 GC heap before
{Heap before GC invocations=6 (full 0):
 PSYoungGen      total 18432K, used 16198K [0x00000000ebd80000, 0x00000000eeb80000, 0x0000000100000000)
  eden space 15872K, 96% used [0x00000000ebd80000,0x00000000ecc82840,0x00000000ecd00000)
  from space 2560K, 32% used [0x00000000ecd00000,0x00000000ecdcf130,0x00000000ecf80000)
  to   space 7680K, 0% used [0x00000000ee400000,0x00000000ee400000,0x00000000eeb80000)
 ParOldGen       total 42496K, used 11372K [0x00000000c3800000, 0x00000000c6180000, 0x00000000ebd80000)
  object space 42496K, 26% used [0x00000000c3800000,0x00000000c431b298,0x00000000c6180000)
 Metaspace       used 10693K, capacity 10903K, committed 11136K, reserved 1058816K
  class space    used 1049K, capacity 1124K, committed 1152K, reserved 1048576K
Event: 6.908 GC heap after
Heap after GC invocations=6 (full 0):
 PSYoungGen      total 39424K, used 1084K [0x00000000ebd80000, 0x00000000eeb80000, 0x0000000100000000)
  eden space 31744K, 0% used [0x00000000ebd80000,0x00000000ebd80000,0x00000000edc80000)
  from space 7680K, 14% used [0x00000000ee400000,0x00000000ee50f140,0x00000000eeb80000)
  to   space 7680K, 0% used [0x00000000edc80000,0x00000000edc80000,0x00000000ee400000)
 ParOldGen       total 42496K, used 11372K [0x00000000c3800000, 0x00000000c6180000, 0x00000000ebd80000)
  object space 42496K, 26% used [0x00000000c3800000,0x00000000c431b298,0x00000000c6180000)
 Metaspace       used 10693K, capacity 10903K, committed 11136K, reserved 1058816K
  class space    used 1049K, capacity 1124K, committed 1152K, reserved 1048576K
}
Event: 14.964 GC heap before
{Heap before GC invocations=7 (full 0):
 PSYoungGen      total 39424K, used 32828K [0x00000000ebd80000, 0x00000000eeb80000, 0x0000000100000000)
  eden space 31744K, 100% used [0x00000000ebd80000,0x00000000edc80000,0x00000000edc80000)
  from space 7680K, 14% used [0x00000000ee400000,0x00000000ee50f140,0x00000000eeb80000)
  to   space 7680K, 0% used [0x00000000edc80000,0x00000000edc80000,0x00000000ee400000)
 ParOldGen       total 42496K, used 11372K [0x00000000c3800000, 0x00000000c6180000, 0x00000000ebd80000)
  object space 42496K, 26% used [0x00000000c3800000,0x00000000c431b298,0x00000000c6180000)
 Metaspace       used 13062K, capacity 13207K, committed 13440K, reserved 1060864K
  class space    used 1248K, capacity 1316K, committed 1408K, reserved 1048576K
Event: 14.970 GC heap after
Heap after GC invocations=7 (full 0):
 PSYoungGen      total 39424K, used 3121K [0x00000000ebd80000, 0x00000000f0980000, 0x0000000100000000)
  eden space 31744K, 0% used [0x00000000ebd80000,0x00000000ebd80000,0x00000000edc80000)
  from space 7680K, 40% used [0x00000000edc80000,0x00000000edf8c698,0x00000000ee400000)
  to   space 7168K, 0% used [0x00000000f0280000,0x00000000f0280000,0x00000000f0980000)
 ParOldGen       total 42496K, used 11844K [0x00000000c3800000, 0x00000000c6180000, 0x00000000ebd80000)
  object space 42496K, 27% used [0x00000000c3800000,0x00000000c4391388,0x00000000c6180000)
 Metaspace       used 13062K, capacity 13207K, committed 13440K, reserved 1060864K
  class space    used 1248K, capacity 1316K, committed 1408K, reserved 1048576K
}

