# JRE version: Java(TM) SE Runtime Environment (8.0_45-b14) (build 1.8.0_45-b14)
# Java VM: Java HotSpot(TM) 64-Bit Server VM (25.45-b02 mixed mode linux-amd64 compressed oops)
Heap:
 PSYoungGen      total 57856K, used 897K [0x00000000ebd80000, 0x00000000f0380000, 0x0000000100000000)
  eden space 53248K, 1% used [0x00000000ebd80000,0x00000000ebe606a8,0x00000000ef180000)
  from space 4608K, 0% used [0x00000000ef380000,0x00000000ef380000,0x00000000ef800000)
  to   space 9216K, 0% used [0x00000000efa80000,0x00000000efa80000,0x00000000f0380000)
 ParOldGen       total 32256K, used 11088K [0x00000000c3800000, 0x00000000c5780000, 0x00000000ebd80000)
  object space 32256K, 34% used [0x00000000c3800000,0x00000000c42d41f0,0x00000000c5780000)
 Metaspace       used 37516K, capacity 37938K, committed 38272K, reserved 1085440K
  class space    used 2716K, capacity 2919K, committed 2944K, reserved 1048576K
GC Heap History (10 events):
Event: 356.447 GC heap before
{Heap before GC invocations=12 (full 3):
 PSYoungGen      total 64000K, used 6652K [0x00000000ebd80000, 0x00000000f0880000, 0x0000000100000000)
  eden space 57344K, 0% used [0x00000000ebd80000,0x00000000ebd80000,0x00000000ef580000)
  from space 6656K, 99% used [0x00000000ef780000,0x00000000efdff168,0x00000000efe00000)
  to   space 9728K, 0% used [0x00000000eff00000,0x00000000eff00000,0x00000000f0880000)
 ParOldGen       total 25600K, used 10327K [0x00000000c3800000, 0x00000000c5100000, 0x00000000ebd80000)
  object space 25600K, 40% used [0x00000000c3800000,0x00000000c4215fc8,0x00000000c5100000)
 Metaspace       used 30276K, capacity 30662K, committed 30936K, reserved 1077248K
  class space    used 2390K, capacity 2565K, committed 2688K, reserved 1048576K
Event: 356.522 GC heap after
Heap after GC invocations=12 (full 3):
 PSYoungGen      total 64000K, used 0K [0x00000000ebd80000, 0x00000000f0880000, 0x0000000100000000)
  eden space 57344K, 0% used [0x00000000ebd80000,0x00000000ebd80000,0x00000000ef580000)
  from space 6656K, 0% used [0x00000000ef780000,0x00000000ef780000,0x00000000efe00000)
  to   space 9728K, 0% used [0x00000000eff00000,0x00000000eff00000,0x00000000f0880000)
 ParOldGen       total 37376K, used 15980K [0x00000000c3800000, 0x00000000c5c80000, 0x00000000ebd80000)
  object space 37376K, 42% used [0x00000000c3800000,0x00000000c479b240,0x00000000c5c80000)
 Metaspace       used 30276K, capacity 30662K, committed 30936K, reserved 1077248K
  class space    used 2390K, capacity 2565K, committed 2688K, reserved 1048576K
}
Event: 384.124 GC heap before
{Heap before GC invocations=13 (full 3):
 PSYoungGen      total 64000K, used 17926K [0x00000000ebd80000, 0x00000000f0880000, 0x0000000100000000)
  eden space 57344K, 31% used [0x00000000ebd80000,0x00000000ecf01a48,0x00000000ef580000)
  from space 6656K, 0% used [0x00000000ef780000,0x00000000ef780000,0x00000000efe00000)
  to   space 9728K, 0% used [0x00000000eff00000,0x00000000eff00000,0x00000000f0880000)
 ParOldGen       total 37376K, used 15980K [0x00000000c3800000, 0x00000000c5c80000, 0x00000000ebd80000)
  object space 37376K, 42% used [0x00000000c3800000,0x00000000c479b240,0x00000000c5c80000)
 Metaspace       used 37459K, capacity 37862K, committed 38016K, reserved 1085440K
  class space    used 2715K, capacity 2917K, committed 2944K, reserved 1048576K
Event: 384.132 GC heap after
Heap after GC invocations=13 (full 3):
 PSYoungGen      total 62976K, used 1755K [0x00000000ebd80000, 0x00000000f0680000, 0x0000000100000000)
  eden space 55296K, 0% used [0x00000000ebd80000,0x00000000ebd80000,0x00000000ef380000)
  from space 7680K, 22% used [0x00000000eff00000,0x00000000f00b6c10,0x00000000f0680000)
  to   space 9728K, 0% used [0x00000000ef380000,0x00000000ef380000,0x00000000efd00000)
 ParOldGen       total 37376K, used 15988K [0x00000000c3800000, 0x00000000c5c80000, 0x00000000ebd80000)
  object space 37376K, 42% used [0x00000000c3800000,0x00000000c479d240,0x00000000c5c80000)
 Metaspace       used 37459K, capacity 37862K, committed 38016K, reserved 1085440K
  class space    used 2715K, capacity 2917K, committed 2944K, reserved 1048576K
}
Event: 384.132 GC heap before
{Heap before GC invocations=14 (full 4):
 PSYoungGen      total 62976K, used 1755K [0x00000000ebd80000, 0x00000000f0680000, 0x0000000100000000)
  eden space 55296K, 0% used [0x00000000ebd80000,0x00000000ebd80000,0x00000000ef380000)
  from space 7680K, 22% used [0x00000000eff00000,0x00000000f00b6c10,0x00000000f0680000)
  to   space 9728K, 0% used [0x00000000ef380000,0x00000000ef380000,0x00000000efd00000)
 ParOldGen       total 37376K, used 15988K [0x00000000c3800000, 0x00000000c5c80000, 0x00000000ebd80000)
  object space 37376K, 42% used [0x00000000c3800000,0x00000000c479d240,0x00000000c5c80000)
 Metaspace       used 37459K, capacity 37862K, committed 38016K, reserved 1085440K
  class space    used 2715K, capacity 2917K, committed 2944K, reserved 1048576K
Event: 384.175 GC heap after
Heap after GC invocations=14 (full 4):
 PSYoungGen      total 62976K, used 0K [0x00000000ebd80000, 0x00000000f0680000, 0x0000000100000000)
  eden space 55296K, 0% used [0x00000000ebd80000,0x00000000ebd80000,0x00000000ef380000)
  from space 7680K, 0% used [0x00000000eff00000,0x00000000eff00000,0x00000000f0680000)
  to   space 9728K, 0% used [0x00000000ef380000,0x00000000ef380000,0x00000000efd00000)
 ParOldGen       total 29696K, used 8762K [0x00000000c3800000, 0x00000000c5500000, 0x00000000ebd80000)
  object space 29696K, 29% used [0x00000000c3800000,0x00000000c408ebf8,0x00000000c5500000)
 Metaspace       used 37458K, capacity 37856K, committed 38016K, reserved 1085440K
  class space    used 2714K, capacity 2916K, committed 2944K, reserved 1048576K
}
Event: 456.620 GC heap before
{Heap before GC invocations=15 (full 4):
 PSYoungGen      total 62976K, used 35028K [0x00000000ebd80000, 0x00000000f0680000, 0x0000000100000000)
  eden space 55296K, 63% used [0x00000000ebd80000,0x00000000edfb5008,0x00000000ef380000)
  from space 7680K, 0% used [0x00000000eff00000,0x00000000eff00000,0x00000000f0680000)
  to   space 9728K, 0% used [0x00000000ef380000,0x00000000ef380000,0x00000000efd00000)
 ParOldGen       total 29696K, used 8762K [0x00000000c3800000, 0x00000000c5500000, 0x00000000ebd80000)
  object space 29696K, 29% used [0x00000000c3800000,0x00000000c408ebf8,0x00000000c5500000)
 Metaspace       used 37512K, capacity 37944K, committed 38272K, reserved 1085440K
  class space    used 2717K, capacity 2920K, committed 2944K, reserved 1048576K
Event: 456.638 GC heap after
Heap after GC invocations=15 (full 4):
 PSYoungGen      total 57856K, used 4342K [0x00000000ebd80000, 0x00000000f0380000, 0x0000000100000000)
  eden space 53248K, 0% used [0x00000000ebd80000,0x00000000ebd80000,0x00000000ef180000)
  from space 4608K, 94% used [0x00000000ef380000,0x00000000ef7bd810,0x00000000ef800000)
  to   space 9216K, 0% used [0x00000000efa80000,0x00000000efa80000,0x00000000f0380000)
 ParOldGen       total 29696K, used 8762K [0x00000000c3800000, 0x00000000c5500000, 0x00000000ebd80000)
  object space 29696K, 29% used [0x00000000c3800000,0x00000000c408ebf8,0x00000000c5500000)
 Metaspace       used 37512K, capacity 37944K, committed 38272K, reserved 1085440K
  class space    used 2717K, capacity 2920K, committed 2944K, reserved 1048576K
}
Event: 456.638 GC heap before
{Heap before GC invocations=16 (full 5):
 PSYoungGen      total 57856K, used 4342K [0x00000000ebd80000, 0x00000000f0380000, 0x0000000100000000)
  eden space 53248K, 0% used [0x00000000ebd80000,0x00000000ebd80000,0x00000000ef180000)
  from space 4608K, 94% used [0x00000000ef380000,0x00000000ef7bd810,0x00000000ef800000)
  to   space 9216K, 0% used [0x00000000efa80000,0x00000000efa80000,0x00000000f0380000)
 ParOldGen       total 29696K, used 8762K [0x00000000c3800000, 0x00000000c5500000, 0x00000000ebd80000)
  object space 29696K, 29% used [0x00000000c3800000,0x00000000c408ebf8,0x00000000c5500000)
 Metaspace       used 37512K, capacity 37944K, committed 38272K, reserved 1085440K
  class space    used 2717K, capacity 2920K, committed 2944K, reserved 1048576K
Event: 456.690 GC heap after
Heap after GC invocations=16 (full 5):
 PSYoungGen      total 57856K, used 0K [0x00000000ebd80000, 0x00000000f0380000, 0x0000000100000000)
  eden space 53248K, 0% used [0x00000000ebd80000,0x00000000ebd80000,0x00000000ef180000)
  from space 4608K, 0% used [0x00000000ef380000,0x00000000ef380000,0x00000000ef800000)
  to   space 9216K, 0% used [0x00000000efa80000,0x00000000efa80000,0x00000000f0380000)
 ParOldGen       total 32256K, used 11088K [0x00000000c3800000, 0x00000000c5780000, 0x00000000ebd80000)
  object space 32256K, 34% used [0x00000000c3800000,0x00000000c42d41f0,0x00000000c5780000)
 Metaspace       used 37510K, capacity 37938K, committed 38272K, reserved 1085440K
  class space    used 2716K, capacity 2919K, committed 2944K, reserved 1048576K
}

