# JRE version: Java(TM) SE Runtime Environment (8.0_20-b26) (build 1.8.0_20-b26)
# Java VM: Java HotSpot(TM) 64-Bit Server VM (25.20-b23 mixed mode windows-amd64 compressed oops)
Heap:
 PSYoungGen      total 71680K, used 14083K [0x00000000d5d80000, 0x00000000da880000, 0x0000000100000000)
  eden space 66560K, 21% used [0x00000000d5d80000,0x00000000d6b40f40,0x00000000d9e80000)
  from space 5120K, 0% used [0x00000000da380000,0x00000000da380000,0x00000000da880000)
  to   space 5120K, 0% used [0x00000000d9e80000,0x00000000d9e80000,0x00000000da380000)
 ParOldGen       total 87552K, used 5599K [0x0000000081800000, 0x0000000086d80000, 0x00000000d5d80000)
  object space 87552K, 6% used [0x0000000081800000,0x0000000081d77e38,0x0000000086d80000)
 Metaspace       used 18131K, capacity 18477K, committed 18560K, reserved 1067008K
  class space    used 1801K, capacity 1888K, committed 1920K, reserved 1048576K
GC Heap History (10 events):
Event: 2.593 GC heap before
{Heap before GC invocations=2 (full 0):
 PSYoungGen      total 38400K, used 38368K [0x00000000d5d80000, 0x00000000da880000, 0x0000000100000000)
  eden space 33280K, 100% used [0x00000000d5d80000,0x00000000d7e00000,0x00000000d7e00000)
  from space 5120K, 99% used [0x00000000d7e00000,0x00000000d82f8040,0x00000000d8300000)
  to   space 5120K, 0% used [0x00000000da380000,0x00000000da380000,0x00000000da880000)
 ParOldGen       total 87552K, used 6654K [0x0000000081800000, 0x0000000086d80000, 0x00000000d5d80000)
  object space 87552K, 7% used [0x0000000081800000,0x0000000081e7fa38,0x0000000086d80000)
 Metaspace       used 11595K, capacity 11749K, committed 12032K, reserved 1060864K
  class space    used 1151K, capacity 1207K, committed 1280K, reserved 1048576K
Event: 2.612 GC heap after
Heap after GC invocations=2 (full 0):
 PSYoungGen      total 71680K, used 5119K [0x00000000d5d80000, 0x00000000da880000, 0x0000000100000000)
  eden space 66560K, 0% used [0x00000000d5d80000,0x00000000d5d80000,0x00000000d9e80000)
  from space 5120K, 99% used [0x00000000da380000,0x00000000da87fff0,0x00000000da880000)
  to   space 5120K, 0% used [0x00000000d9e80000,0x00000000d9e80000,0x00000000da380000)
 ParOldGen       total 87552K, used 6758K [0x0000000081800000, 0x0000000086d80000, 0x00000000d5d80000)
  object space 87552K, 7% used [0x0000000081800000,0x0000000081e99a38,0x0000000086d80000)
 Metaspace       used 11595K, capacity 11749K, committed 12032K, reserved 1060864K
  class space    used 1151K, capacity 1207K, committed 1280K, reserved 1048576K
}
Event: 9.038 GC heap before
{Heap before GC invocations=3 (full 0):
 PSYoungGen      total 71680K, used 24903K [0x00000000d5d80000, 0x00000000da880000, 0x0000000100000000)
  eden space 66560K, 29% used [0x00000000d5d80000,0x00000000d70d1d78,0x00000000d9e80000)
  from space 5120K, 99% used [0x00000000da380000,0x00000000da87fff0,0x00000000da880000)
  to   space 5120K, 0% used [0x00000000d9e80000,0x00000000d9e80000,0x00000000da380000)
 ParOldGen       total 87552K, used 6758K [0x0000000081800000, 0x0000000086d80000, 0x00000000d5d80000)
  object space 87552K, 7% used [0x0000000081800000,0x0000000081e99a38,0x0000000086d80000)
 Metaspace       used 15385K, capacity 15713K, committed 15872K, reserved 1062912K
  class space    used 1611K, capacity 1684K, committed 1792K, reserved 1048576K
Event: 9.045 GC heap after
Heap after GC invocations=3 (full 0):
 PSYoungGen      total 71680K, used 4312K [0x00000000d5d80000, 0x00000000da880000, 0x0000000100000000)
  eden space 66560K, 0% used [0x00000000d5d80000,0x00000000d5d80000,0x00000000d9e80000)
  from space 5120K, 84% used [0x00000000d9e80000,0x00000000da2b6260,0x00000000da380000)
  to   space 5120K, 0% used [0x00000000da380000,0x00000000da380000,0x00000000da880000)
 ParOldGen       total 87552K, used 6774K [0x0000000081800000, 0x0000000086d80000, 0x00000000d5d80000)
  object space 87552K, 7% used [0x0000000081800000,0x0000000081e9da38,0x0000000086d80000)
 Metaspace       used 15385K, capacity 15713K, committed 15872K, reserved 1062912K
  class space    used 1611K, capacity 1684K, committed 1792K, reserved 1048576K
}
Event: 9.045 GC heap before
{Heap before GC invocations=4 (full 1):
 PSYoungGen      total 71680K, used 4312K [0x00000000d5d80000, 0x00000000da880000, 0x0000000100000000)
  eden space 66560K, 0% used [0x00000000d5d80000,0x00000000d5d80000,0x00000000d9e80000)
  from space 5120K, 84% used [0x00000000d9e80000,0x00000000da2b6260,0x00000000da380000)
  to   space 5120K, 0% used [0x00000000da380000,0x00000000da380000,0x00000000da880000)
 ParOldGen       total 87552K, used 6774K [0x0000000081800000, 0x0000000086d80000, 0x00000000d5d80000)
  object space 87552K, 7% used [0x0000000081800000,0x0000000081e9da38,0x0000000086d80000)
 Metaspace       used 15385K, capacity 15713K, committed 15872K, reserved 1062912K
  class space    used 1611K, capacity 1684K, committed 1792K, reserved 1048576K
Event: 9.073 GC heap after
Heap after GC invocations=4 (full 1):
 PSYoungGen      total 71680K, used 0K [0x00000000d5d80000, 0x00000000da880000, 0x0000000100000000)
  eden space 66560K, 0% used [0x00000000d5d80000,0x00000000d5d80000,0x00000000d9e80000)
  from space 5120K, 0% used [0x00000000d9e80000,0x00000000d9e80000,0x00000000da380000)
  to   space 5120K, 0% used [0x00000000da380000,0x00000000da380000,0x00000000da880000)
 ParOldGen       total 87552K, used 4222K [0x0000000081800000, 0x0000000086d80000, 0x00000000d5d80000)
  object space 87552K, 4% used [0x0000000081800000,0x0000000081c1f8a0,0x0000000086d80000)
 Metaspace       used 15384K, capacity 15711K, committed 15872K, reserved 1062912K
  class space    used 1610K, capacity 1683K, committed 1792K, reserved 1048576K
}
Event: 19.920 GC heap before
{Heap before GC invocations=5 (full 1):
 PSYoungGen      total 71680K, used 16187K [0x00000000d5d80000, 0x00000000da880000, 0x0000000100000000)
  eden space 66560K, 24% used [0x00000000d5d80000,0x00000000d6d4ee90,0x00000000d9e80000)
  from space 5120K, 0% used [0x00000000d9e80000,0x00000000d9e80000,0x00000000da380000)
  to   space 5120K, 0% used [0x00000000da380000,0x00000000da380000,0x00000000da880000)
 ParOldGen       total 87552K, used 4222K [0x0000000081800000, 0x0000000086d80000, 0x00000000d5d80000)
  object space 87552K, 4% used [0x0000000081800000,0x0000000081c1f8a0,0x0000000086d80000)
 Metaspace       used 17849K, capacity 18191K, committed 18304K, reserved 1064960K
  class space    used 1797K, capacity 1883K, committed 1920K, reserved 1048576K
Event: 19.922 GC heap after
Heap after GC invocations=5 (full 1):
 PSYoungGen      total 71680K, used 1880K [0x00000000d5d80000, 0x00000000da880000, 0x0000000100000000)
  eden space 66560K, 0% used [0x00000000d5d80000,0x00000000d5d80000,0x00000000d9e80000)
  from space 5120K, 36% used [0x00000000da380000,0x00000000da556158,0x00000000da880000)
  to   space 5120K, 0% used [0x00000000d9e80000,0x00000000d9e80000,0x00000000da380000)
 ParOldGen       total 87552K, used 4230K [0x0000000081800000, 0x0000000086d80000, 0x00000000d5d80000)
  object space 87552K, 4% used [0x0000000081800000,0x0000000081c218a0,0x0000000086d80000)
 Metaspace       used 17849K, capacity 18191K, committed 18304K, reserved 1064960K
  class space    used 1797K, capacity 1883K, committed 1920K, reserved 1048576K
}
Event: 19.922 GC heap before
{Heap before GC invocations=6 (full 2):
 PSYoungGen      total 71680K, used 1880K [0x00000000d5d80000, 0x00000000da880000, 0x0000000100000000)
  eden space 66560K, 0% used [0x00000000d5d80000,0x00000000d5d80000,0x00000000d9e80000)
  from space 5120K, 36% used [0x00000000da380000,0x00000000da556158,0x00000000da880000)
  to   space 5120K, 0% used [0x00000000d9e80000,0x00000000d9e80000,0x00000000da380000)
 ParOldGen       total 87552K, used 4230K [0x0000000081800000, 0x0000000086d80000, 0x00000000d5d80000)
  object space 87552K, 4% used [0x0000000081800000,0x0000000081c218a0,0x0000000086d80000)
 Metaspace       used 17849K, capacity 18191K, committed 18304K, reserved 1064960K
  class space    used 1797K, capacity 1883K, committed 1920K, reserved 1048576K
Event: 19.977 GC heap after
Heap after GC invocations=6 (full 2):
 PSYoungGen      total 71680K, used 0K [0x00000000d5d80000, 0x00000000da880000, 0x0000000100000000)
  eden space 66560K, 0% used [0x00000000d5d80000,0x00000000d5d80000,0x00000000d9e80000)
  from space 5120K, 0% used [0x00000000da380000,0x00000000da380000,0x00000000da880000)
  to   space 5120K, 0% used [0x00000000d9e80000,0x00000000d9e80000,0x00000000da380000)
 ParOldGen       total 87552K, used 5599K [0x0000000081800000, 0x0000000086d80000, 0x00000000d5d80000)
  object space 87552K, 6% used [0x0000000081800000,0x0000000081d77e38,0x0000000086d80000)
 Metaspace       used 17849K, capacity 18191K, committed 18304K, reserved 1064960K
  class space    used 1797K, capacity 1883K, committed 1920K, reserved 1048576K
}

