# JRE version: Java(TM) SE Runtime Environment (8.0_20-b26) (build 1.8.0_20-b26)
# Java VM: Java HotSpot(TM) 64-Bit Server VM (25.20-b23 mixed mode windows-amd64 compressed oops)
Heap:
 PSYoungGen      total 33792K, used 2152K [0x00000000d5d80000, 0x00000000d9f80000, 0x0000000100000000)
  eden space 33280K, 6% used [0x00000000d5d80000,0x00000000d5f9a298,0x00000000d7e00000)
  from space 512K, 0% used [0x00000000d9f00000,0x00000000d9f00000,0x00000000d9f80000)
  to   space 5120K, 0% used [0x00000000d9580000,0x00000000d9580000,0x00000000d9a80000)
 ParOldGen       total 87552K, used 4555K [0x0000000081800000, 0x0000000086d80000, 0x00000000d5d80000)
  object space 87552K, 5% used [0x0000000081800000,0x0000000081c72f00,0x0000000086d80000)
 Metaspace       used 17843K, capacity 18189K, committed 18304K, reserved 1064960K
  class space    used 1778K, capacity 1856K, committed 1920K, reserved 1048576K
GC Heap History (10 events):
Event: 2.521 GC heap before
{Heap before GC invocations=2 (full 0):
 PSYoungGen      total 38400K, used 38384K [0x00000000d5d80000, 0x00000000da880000, 0x0000000100000000)
  eden space 33280K, 100% used [0x00000000d5d80000,0x00000000d7e00000,0x00000000d7e00000)
  from space 5120K, 99% used [0x00000000d7e00000,0x00000000d82fc030,0x00000000d8300000)
  to   space 5120K, 0% used [0x00000000da380000,0x00000000da380000,0x00000000da880000)
 ParOldGen       total 87552K, used 6681K [0x0000000081800000, 0x0000000086d80000, 0x00000000d5d80000)
  object space 87552K, 7% used [0x0000000081800000,0x0000000081e86560,0x0000000086d80000)
 Metaspace       used 11584K, capacity 11685K, committed 12032K, reserved 1060864K
  class space    used 1149K, capacity 1207K, committed 1280K, reserved 1048576K
Event: 2.528 GC heap after
Heap after GC invocations=2 (full 0):
 PSYoungGen      total 38400K, used 5099K [0x00000000d5d80000, 0x00000000da880000, 0x0000000100000000)
  eden space 33280K, 0% used [0x00000000d5d80000,0x00000000d5d80000,0x00000000d7e00000)
  from space 5120K, 99% used [0x00000000da380000,0x00000000da87af28,0x00000000da880000)
  to   space 5120K, 0% used [0x00000000d7e00000,0x00000000d7e00000,0x00000000d8300000)
 ParOldGen       total 87552K, used 6713K [0x0000000081800000, 0x0000000086d80000, 0x00000000d5d80000)
  object space 87552K, 7% used [0x0000000081800000,0x0000000081e8e560,0x0000000086d80000)
 Metaspace       used 11584K, capacity 11685K, committed 12032K, reserved 1060864K
  class space    used 1149K, capacity 1207K, committed 1280K, reserved 1048576K
}
Event: 14.122 GC heap before
{Heap before GC invocations=3 (full 0):
 PSYoungGen      total 38400K, used 24632K [0x00000000d5d80000, 0x00000000da880000, 0x0000000100000000)
  eden space 33280K, 58% used [0x00000000d5d80000,0x00000000d70933e8,0x00000000d7e00000)
  from space 5120K, 99% used [0x00000000da380000,0x00000000da87af28,0x00000000da880000)
  to   space 5120K, 0% used [0x00000000d7e00000,0x00000000d7e00000,0x00000000d8300000)
 ParOldGen       total 87552K, used 6713K [0x0000000081800000, 0x0000000086d80000, 0x00000000d5d80000)
  object space 87552K, 7% used [0x0000000081800000,0x0000000081e8e560,0x0000000086d80000)
 Metaspace       used 17533K, capacity 17817K, committed 18048K, reserved 1064960K
  class space    used 1774K, capacity 1848K, committed 1920K, reserved 1048576K
Event: 14.131 GC heap after
Heap after GC invocations=3 (full 0):
 PSYoungGen      total 38400K, used 5118K [0x00000000d5d80000, 0x00000000da400000, 0x0000000100000000)
  eden space 33280K, 0% used [0x00000000d5d80000,0x00000000d5d80000,0x00000000d7e00000)
  from space 5120K, 99% used [0x00000000d7e00000,0x00000000d82ff838,0x00000000d8300000)
  to   space 5120K, 0% used [0x00000000d9f00000,0x00000000d9f00000,0x00000000da400000)
 ParOldGen       total 87552K, used 7107K [0x0000000081800000, 0x0000000086d80000, 0x00000000d5d80000)
  object space 87552K, 8% used [0x0000000081800000,0x0000000081ef0e20,0x0000000086d80000)
 Metaspace       used 17533K, capacity 17817K, committed 18048K, reserved 1064960K
  class space    used 1774K, capacity 1848K, committed 1920K, reserved 1048576K
}
Event: 14.131 GC heap before
{Heap before GC invocations=4 (full 1):
 PSYoungGen      total 38400K, used 5118K [0x00000000d5d80000, 0x00000000da400000, 0x0000000100000000)
  eden space 33280K, 0% used [0x00000000d5d80000,0x00000000d5d80000,0x00000000d7e00000)
  from space 5120K, 99% used [0x00000000d7e00000,0x00000000d82ff838,0x00000000d8300000)
  to   space 5120K, 0% used [0x00000000d9f00000,0x00000000d9f00000,0x00000000da400000)
 ParOldGen       total 87552K, used 7107K [0x0000000081800000, 0x0000000086d80000, 0x00000000d5d80000)
  object space 87552K, 8% used [0x0000000081800000,0x0000000081ef0e20,0x0000000086d80000)
 Metaspace       used 17533K, capacity 17817K, committed 18048K, reserved 1064960K
  class space    used 1774K, capacity 1848K, committed 1920K, reserved 1048576K
Event: 14.165 GC heap after
Heap after GC invocations=4 (full 1):
 PSYoungGen      total 38400K, used 0K [0x00000000d5d80000, 0x00000000da400000, 0x0000000100000000)
  eden space 33280K, 0% used [0x00000000d5d80000,0x00000000d5d80000,0x00000000d7e00000)
  from space 5120K, 0% used [0x00000000d7e00000,0x00000000d7e00000,0x00000000d8300000)
  to   space 5120K, 0% used [0x00000000d9f00000,0x00000000d9f00000,0x00000000da400000)
 ParOldGen       total 87552K, used 5549K [0x0000000081800000, 0x0000000086d80000, 0x00000000d5d80000)
  object space 87552K, 6% used [0x0000000081800000,0x0000000081d6b438,0x0000000086d80000)
 Metaspace       used 17532K, capacity 17815K, committed 18048K, reserved 1064960K
  class space    used 1773K, capacity 1847K, committed 1920K, reserved 1048576K
}
Event: 41.198 GC heap before
{Heap before GC invocations=5 (full 1):
 PSYoungGen      total 38400K, used 5103K [0x00000000d5d80000, 0x00000000da400000, 0x0000000100000000)
  eden space 33280K, 15% used [0x00000000d5d80000,0x00000000d627bc90,0x00000000d7e00000)
  from space 5120K, 0% used [0x00000000d7e00000,0x00000000d7e00000,0x00000000d8300000)
  to   space 5120K, 0% used [0x00000000d9f00000,0x00000000d9f00000,0x00000000da400000)
 ParOldGen       total 87552K, used 5549K [0x0000000081800000, 0x0000000086d80000, 0x00000000d5d80000)
  object space 87552K, 6% used [0x0000000081800000,0x0000000081d6b438,0x0000000086d80000)
 Metaspace       used 17795K, capacity 18061K, committed 18304K, reserved 1064960K
  class space    used 1778K, capacity 1856K, committed 1920K, reserved 1048576K
Event: 41.199 GC heap after
Heap after GC invocations=5 (full 1):
 PSYoungGen      total 33792K, used 224K [0x00000000d5d80000, 0x00000000d9f80000, 0x0000000100000000)
  eden space 33280K, 0% used [0x00000000d5d80000,0x00000000d5d80000,0x00000000d7e00000)
  from space 512K, 43% used [0x00000000d9f00000,0x00000000d9f38000,0x00000000d9f80000)
  to   space 5120K, 0% used [0x00000000d9580000,0x00000000d9580000,0x00000000d9a80000)
 ParOldGen       total 87552K, used 5557K [0x0000000081800000, 0x0000000086d80000, 0x00000000d5d80000)
  object space 87552K, 6% used [0x0000000081800000,0x0000000081d6d438,0x0000000086d80000)
 Metaspace       used 17795K, capacity 18061K, committed 18304K, reserved 1064960K
  class space    used 1778K, capacity 1856K, committed 1920K, reserved 1048576K
}
Event: 41.199 GC heap before
{Heap before GC invocations=6 (full 2):
 PSYoungGen      total 33792K, used 224K [0x00000000d5d80000, 0x00000000d9f80000, 0x0000000100000000)
  eden space 33280K, 0% used [0x00000000d5d80000,0x00000000d5d80000,0x00000000d7e00000)
  from space 512K, 43% used [0x00000000d9f00000,0x00000000d9f38000,0x00000000d9f80000)
  to   space 5120K, 0% used [0x00000000d9580000,0x00000000d9580000,0x00000000d9a80000)
 ParOldGen       total 87552K, used 5557K [0x0000000081800000, 0x0000000086d80000, 0x00000000d5d80000)
  object space 87552K, 6% used [0x0000000081800000,0x0000000081d6d438,0x0000000086d80000)
 Metaspace       used 17795K, capacity 18061K, committed 18304K, reserved 1064960K
  class space    used 1778K, capacity 1856K, committed 1920K, reserved 1048576K
Event: 41.255 GC heap after
Heap after GC invocations=6 (full 2):
 PSYoungGen      total 33792K, used 0K [0x00000000d5d80000, 0x00000000d9f80000, 0x0000000100000000)
  eden space 33280K, 0% used [0x00000000d5d80000,0x00000000d5d80000,0x00000000d7e00000)
  from space 512K, 0% used [0x00000000d9f00000,0x00000000d9f00000,0x00000000d9f80000)
  to   space 5120K, 0% used [0x00000000d9580000,0x00000000d9580000,0x00000000d9a80000)
 ParOldGen       total 87552K, used 4555K [0x0000000081800000, 0x0000000086d80000, 0x00000000d5d80000)
  object space 87552K, 5% used [0x0000000081800000,0x0000000081c72f00,0x0000000086d80000)
 Metaspace       used 17795K, capacity 18061K, committed 18304K, reserved 1064960K
  class space    used 1778K, capacity 1856K, committed 1920K, reserved 1048576K
}

